2019-07-16T17:10:14.228Z error: bst-test            Error using bst-test on Node: v11.6.0
2019-07-16T17:10:14.231Z error: bst-test            YAMLException: bad indentation of a sequence entry at line 15, column 3:
      - response.outputSpeech.ssml: <s ... 
      ^
    at generateError (/usr/local/lib/node_modules/bespoken-tools/node_modules/js-yaml-bespoken/lib/js-yaml/loader.js:191:10)
    at throwError (/usr/local/lib/node_modules/bespoken-tools/node_modules/js-yaml-bespoken/lib/js-yaml/loader.js:197:9)
    at readBlockSequence (/usr/local/lib/node_modules/bespoken-tools/node_modules/js-yaml-bespoken/lib/js-yaml/loader.js:972:7)
    at composeNode (/usr/local/lib/node_modules/bespoken-tools/node_modules/js-yaml-bespoken/lib/js-yaml/loader.js:1369:12)
    at readDocument (/usr/local/lib/node_modules/bespoken-tools/node_modules/js-yaml-bespoken/lib/js-yaml/loader.js:1530:3)
    at loadDocuments (/usr/local/lib/node_modules/bespoken-tools/node_modules/js-yaml-bespoken/lib/js-yaml/loader.js:1586:5)
    at Object.loadAll (/usr/local/lib/node_modules/bespoken-tools/node_modules/js-yaml-bespoken/lib/js-yaml/loader.js:1594:19)
    at TestParser.parse (/usr/local/lib/node_modules/bespoken-tools/node_modules/skill-testing-ml/dist/lib/test/TestParser.js:115:30)
    at TestRunner.parseContents (/usr/local/lib/node_modules/bespoken-tools/node_modules/skill-testing-ml/dist/lib/runner/TestRunner.js:454:21)
    at /usr/local/lib/node_modules/bespoken-tools/node_modules/skill-testing-ml/dist/lib/runner/TestRunner.js:67:39
2019-07-16T17:10:30.861Z error: bst-test            Error using bst-test on Node: v11.6.0
2019-07-16T17:10:30.864Z error: bst-test            YAMLException: bad indentation of a sequence entry at line 15, column 3:
      - response.outputSpeech.ssml: <s ... 
      ^
    at generateError (/usr/local/lib/node_modules/bespoken-tools/node_modules/js-yaml-bespoken/lib/js-yaml/loader.js:191:10)
    at throwError (/usr/local/lib/node_modules/bespoken-tools/node_modules/js-yaml-bespoken/lib/js-yaml/loader.js:197:9)
    at readBlockSequence (/usr/local/lib/node_modules/bespoken-tools/node_modules/js-yaml-bespoken/lib/js-yaml/loader.js:972:7)
    at composeNode (/usr/local/lib/node_modules/bespoken-tools/node_modules/js-yaml-bespoken/lib/js-yaml/loader.js:1369:12)
    at readDocument (/usr/local/lib/node_modules/bespoken-tools/node_modules/js-yaml-bespoken/lib/js-yaml/loader.js:1530:3)
    at loadDocuments (/usr/local/lib/node_modules/bespoken-tools/node_modules/js-yaml-bespoken/lib/js-yaml/loader.js:1586:5)
    at Object.loadAll (/usr/local/lib/node_modules/bespoken-tools/node_modules/js-yaml-bespoken/lib/js-yaml/loader.js:1594:19)
    at TestParser.parse (/usr/local/lib/node_modules/bespoken-tools/node_modules/skill-testing-ml/dist/lib/test/TestParser.js:115:30)
    at TestRunner.parseContents (/usr/local/lib/node_modules/bespoken-tools/node_modules/skill-testing-ml/dist/lib/runner/TestRunner.js:454:21)
    at /usr/local/lib/node_modules/bespoken-tools/node_modules/skill-testing-ml/dist/lib/runner/TestRunner.js:67:39
2019-07-16T17:10:59.270Z error: bst-test            Error using bst-test on Node: v11.6.0
2019-07-16T17:10:59.274Z error: bst-test            YAMLException: bad indentation of a sequence entry at line 15, column 3:
      - response.outputSpeech.ssml: <s ... 
      ^
    at generateError (/usr/local/lib/node_modules/bespoken-tools/node_modules/js-yaml-bespoken/lib/js-yaml/loader.js:191:10)
    at throwError (/usr/local/lib/node_modules/bespoken-tools/node_modules/js-yaml-bespoken/lib/js-yaml/loader.js:197:9)
    at readBlockSequence (/usr/local/lib/node_modules/bespoken-tools/node_modules/js-yaml-bespoken/lib/js-yaml/loader.js:972:7)
    at composeNode (/usr/local/lib/node_modules/bespoken-tools/node_modules/js-yaml-bespoken/lib/js-yaml/loader.js:1369:12)
    at readDocument (/usr/local/lib/node_modules/bespoken-tools/node_modules/js-yaml-bespoken/lib/js-yaml/loader.js:1530:3)
    at loadDocuments (/usr/local/lib/node_modules/bespoken-tools/node_modules/js-yaml-bespoken/lib/js-yaml/loader.js:1586:5)
    at Object.loadAll (/usr/local/lib/node_modules/bespoken-tools/node_modules/js-yaml-bespoken/lib/js-yaml/loader.js:1594:19)
    at TestParser.parse (/usr/local/lib/node_modules/bespoken-tools/node_modules/skill-testing-ml/dist/lib/test/TestParser.js:115:30)
    at TestRunner.parseContents (/usr/local/lib/node_modules/bespoken-tools/node_modules/skill-testing-ml/dist/lib/runner/TestRunner.js:454:21)
    at /usr/local/lib/node_modules/bespoken-tools/node_modules/skill-testing-ml/dist/lib/runner/TestRunner.js:67:39
